2018-06-14 01:02:01 DEBUG dbase:32 - loaded from config file: C:\javaprojects\werkuren\src\main\resources\dbase.properties
2018-06-14 01:02:01 DEBUG dbase:45 - Property file read - ok 
2018-06-14 01:02:01 DEBUG dbase:32 - loaded from config file: C:\javaprojects\werkuren\src\main\resources\dbase.properties
2018-06-14 01:02:01 DEBUG dbase:45 - Property file read - ok 
2018-06-14 01:02:50 DEBUG dbase:32 - loaded from config file: C:\javaprojects\werkuren\src\main\resources\dbase.properties
2018-06-14 01:02:50 DEBUG dbase:45 - Property file read - ok 
2018-06-14 01:02:50 DEBUG dbase:32 - loaded from config file: C:\javaprojects\werkuren\src\main\resources\dbase.properties
2018-06-14 01:02:50 DEBUG dbase:45 - Property file read - ok 
2018-06-14 01:19:28 DEBUG dbase:32 - loaded from config file: C:\javaprojects\werkuren\src\main\resources\dbase.properties
2018-06-14 01:19:28 DEBUG dbase:45 - Property file read - ok 
2018-06-14 01:19:29 ERROR dbase:34 - SqlExeption @ writeOrder
2018-06-14 01:20:02 DEBUG dbase:32 - loaded from config file: C:\javaprojects\werkuren\src\main\resources\dbase.properties
2018-06-14 01:20:02 DEBUG dbase:45 - Property file read - ok 
2018-06-14 01:20:03 ERROR dbase:34 - SqlExeption @ writeDay
2018-06-14 01:21:46 DEBUG dbase:32 - loaded from config file: C:\javaprojects\werkuren\src\main\resources\dbase.properties
2018-06-14 01:21:46 DEBUG dbase:45 - Property file read - ok 
2018-06-14 01:21:47 ERROR dbase:34 - SqlExeption @ writeDay
2018-06-14 01:24:29 DEBUG dbase:32 - loaded from config file: C:\javaprojects\werkuren\src\main\resources\dbase.properties
2018-06-14 01:24:29 DEBUG dbase:45 - Property file read - ok 
2018-06-14 01:24:29 ERROR dbase:34 - SqlExeption @ writeDay
2018-06-14 01:29:06 DEBUG dbase:32 - loaded from config file: C:\javaprojects\werkuren\src\main\resources\dbase.properties
2018-06-14 01:29:06 DEBUG dbase:45 - Property file read - ok 
2018-06-14 01:30:00 DEBUG dbase:32 - loaded from config file: C:\javaprojects\werkuren\src\main\resources\dbase.properties
2018-06-14 01:30:00 DEBUG dbase:45 - Property file read - ok 
2018-06-14 01:32:53 DEBUG dbase:32 - loaded from config file: C:\javaprojects\werkuren\src\main\resources\dbase.properties
2018-06-14 01:32:53 DEBUG dbase:45 - Property file read - ok 
2018-06-14 01:37:19 DEBUG dbase:32 - loaded from config file: C:\javaprojects\werkuren\src\main\resources\dbase.properties
2018-06-14 01:37:19 DEBUG dbase:45 - Property file read - ok 
2018-06-14 01:45:42 DEBUG dbase:32 - loaded from config file: C:\javaprojects\werkuren\src\main\resources\dbase.properties
2018-06-14 01:45:42 DEBUG dbase:45 - Property file read - ok 
2018-06-14 20:56:04 DEBUG dbase:32 - loaded from config file: C:\javaprojects\werkuren\src\main\resources\dbase.properties
2018-06-14 20:56:04 DEBUG dbase:45 - Property file read - ok 
2018-06-15 17:15:57 DEBUG dbase:32 - loaded from config file: C:\javaprojects\werkuren\src\main\resources\dbase.properties
2018-06-15 17:15:57 DEBUG dbase:45 - Property file read - ok 
2018-06-15 17:15:57 DEBUG dbase:32 - loaded from config file: C:\javaprojects\werkuren\src\main\resources\dbase.properties
2018-06-15 17:15:57 DEBUG dbase:45 - Property file read - ok 
2018-06-15 17:16:32 DEBUG dbase:32 - loaded from config file: C:\javaprojects\werkuren\src\main\resources\dbase.properties
2018-06-15 17:16:32 DEBUG dbase:45 - Property file read - ok 
2018-06-15 17:16:32 DEBUG dbase:32 - loaded from config file: C:\javaprojects\werkuren\src\main\resources\dbase.properties
2018-06-15 17:16:32 DEBUG dbase:45 - Property file read - ok 
2018-06-15 17:37:24 DEBUG dbase:32 - loaded from config file: C:\javaprojects\werkuren\src\main\resources\dbase.properties
2018-06-15 17:37:24 DEBUG dbase:45 - Property file read - ok 
2018-06-15 17:37:24 DEBUG dbase:32 - loaded from config file: C:\javaprojects\werkuren\src\main\resources\dbase.properties
2018-06-15 17:37:24 DEBUG dbase:45 - Property file read - ok 
2018-06-15 17:47:33 DEBUG dbase:32 - loaded from config file: C:\javaprojects\werkuren\src\main\resources\dbase.properties
2018-06-15 17:47:33 DEBUG dbase:45 - Property file read - ok 
2018-06-15 17:47:33 DEBUG dbase:32 - loaded from config file: C:\javaprojects\werkuren\src\main\resources\dbase.properties
2018-06-15 17:47:33 DEBUG dbase:45 - Property file read - ok 
2018-06-15 18:37:34 DEBUG dbase:32 - loaded from config file: C:\javaprojects\werkuren\src\main\resources\dbase.properties
2018-06-15 18:37:34 DEBUG dbase:45 - Property file read - ok 
2018-06-15 18:37:34 DEBUG dbase:32 - loaded from config file: C:\javaprojects\werkuren\src\main\resources\dbase.properties
2018-06-15 18:37:34 DEBUG dbase:45 - Property file read - ok 
2018-06-15 19:00:54 DEBUG dbase:32 - loaded from config file: C:\javaprojects\werkuren\src\main\resources\dbase.properties
2018-06-15 19:00:54 DEBUG dbase:45 - Property file read - ok 
2018-06-15 19:00:54 DEBUG dbase:32 - loaded from config file: C:\javaprojects\werkuren\src\main\resources\dbase.properties
2018-06-15 19:00:54 DEBUG dbase:45 - Property file read - ok 
2018-06-15 22:43:10 DEBUG dbase:32 - loaded from config file: C:\javaprojects\werkuren\src\main\resources\dbase.properties
2018-06-15 22:43:10 DEBUG dbase:45 - Property file read - ok 
2018-06-15 22:43:10 DEBUG dbase:32 - loaded from config file: C:\javaprojects\werkuren\src\main\resources\dbase.properties
2018-06-15 22:43:10 DEBUG dbase:45 - Property file read - ok 
2018-06-15 22:48:10 DEBUG dbase:32 - loaded from config file: C:\javaprojects\werkuren\src\main\resources\dbase.properties
2018-06-15 22:48:10 DEBUG dbase:45 - Property file read - ok 
2018-06-15 22:48:10 DEBUG dbase:32 - loaded from config file: C:\javaprojects\werkuren\src\main\resources\dbase.properties
2018-06-15 22:48:10 DEBUG dbase:45 - Property file read - ok 
2018-06-15 22:52:53 DEBUG dbase:32 - loaded from config file: C:\javaprojects\werkuren\src\main\resources\dbase.properties
2018-06-15 22:52:53 DEBUG dbase:45 - Property file read - ok 
2018-06-15 22:52:53 DEBUG dbase:32 - loaded from config file: C:\javaprojects\werkuren\src\main\resources\dbase.properties
2018-06-15 22:52:53 DEBUG dbase:45 - Property file read - ok 
2018-06-15 23:33:05 DEBUG dbase:32 - loaded from config file: C:\javaprojects\werkuren\src\main\resources\dbase.properties
2018-06-15 23:33:05 DEBUG dbase:45 - Property file read - ok 
2018-06-15 23:33:05 DEBUG dbase:32 - loaded from config file: C:\javaprojects\werkuren\src\main\resources\dbase.properties
2018-06-15 23:33:05 DEBUG dbase:45 - Property file read - ok 
2018-06-15 23:38:33 DEBUG dbase:32 - loaded from config file: C:\javaprojects\werkuren\src\main\resources\dbase.properties
2018-06-15 23:38:33 DEBUG dbase:45 - Property file read - ok 
2018-06-15 23:38:33 DEBUG dbase:32 - loaded from config file: C:\javaprojects\werkuren\src\main\resources\dbase.properties
2018-06-15 23:38:33 DEBUG dbase:45 - Property file read - ok 
2018-06-15 23:40:24 DEBUG dbase:32 - loaded from config file: C:\javaprojects\werkuren\src\main\resources\dbase.properties
2018-06-15 23:40:24 DEBUG dbase:45 - Property file read - ok 
2018-06-15 23:40:24 DEBUG dbase:32 - loaded from config file: C:\javaprojects\werkuren\src\main\resources\dbase.properties
2018-06-15 23:40:24 DEBUG dbase:45 - Property file read - ok 
2018-06-15 23:48:38 DEBUG dbase:32 - loaded from config file: C:\javaprojects\werkuren\src\main\resources\dbase.properties
2018-06-15 23:48:38 DEBUG dbase:45 - Property file read - ok 
2018-06-15 23:48:38 DEBUG dbase:32 - loaded from config file: C:\javaprojects\werkuren\src\main\resources\dbase.properties
2018-06-15 23:48:38 DEBUG dbase:45 - Property file read - ok 
2018-06-15 23:48:38 DEBUG dbase:32 - loaded from config file: C:\javaprojects\werkuren\src\main\resources\dbase.properties
2018-06-15 23:48:38 DEBUG dbase:45 - Property file read - ok 
2018-06-16 00:08:49 DEBUG dbase:32 - loaded from config file: C:\javaprojects\werkuren\src\main\resources\dbase.properties
2018-06-16 00:08:49 DEBUG dbase:45 - Property file read - ok 
2018-06-16 00:08:50 DEBUG dbase:32 - loaded from config file: C:\javaprojects\werkuren\src\main\resources\dbase.properties
2018-06-16 00:08:50 DEBUG dbase:45 - Property file read - ok 
2018-06-16 00:08:50 DEBUG dbase:32 - loaded from config file: C:\javaprojects\werkuren\src\main\resources\dbase.properties
2018-06-16 00:08:50 DEBUG dbase:45 - Property file read - ok 
2018-06-16 18:27:14 DEBUG dbase:32 - loaded from config file: C:\javaprojects\werkuren\src\main\resources\dbase.properties
2018-06-16 18:27:14 DEBUG dbase:45 - Property file read - ok 
2018-06-16 18:27:15 DEBUG dbase:32 - loaded from config file: C:\javaprojects\werkuren\src\main\resources\dbase.properties
2018-06-16 18:27:15 DEBUG dbase:45 - Property file read - ok 
2018-06-16 18:27:15 DEBUG dbase:32 - loaded from config file: C:\javaprojects\werkuren\src\main\resources\dbase.properties
2018-06-16 18:27:15 DEBUG dbase:45 - Property file read - ok 
2018-06-17 10:32:03 DEBUG dbase:32 - loaded from config file: C:\javaprojects\werkuren\src\main\resources\dbase.properties
2018-06-17 10:32:03 DEBUG dbase:45 - Property file read - ok 
2018-06-17 10:32:04 DEBUG dbase:32 - loaded from config file: C:\javaprojects\werkuren\src\main\resources\dbase.properties
2018-06-17 10:32:04 DEBUG dbase:45 - Property file read - ok 
2018-06-17 10:32:04 DEBUG dbase:32 - loaded from config file: C:\javaprojects\werkuren\src\main\resources\dbase.properties
2018-06-17 10:32:04 DEBUG dbase:45 - Property file read - ok 
2018-06-17 10:32:46 DEBUG dbase:32 - loaded from config file: C:\javaprojects\werkuren\src\main\resources\dbase.properties
2018-06-17 10:32:46 DEBUG dbase:45 - Property file read - ok 
2018-06-17 10:32:47 DEBUG dbase:32 - loaded from config file: C:\javaprojects\werkuren\src\main\resources\dbase.properties
2018-06-17 10:32:47 DEBUG dbase:45 - Property file read - ok 
2018-06-17 10:32:47 DEBUG dbase:32 - loaded from config file: C:\javaprojects\werkuren\src\main\resources\dbase.properties
2018-06-17 10:32:47 DEBUG dbase:45 - Property file read - ok 
2018-06-17 10:33:07 DEBUG dbase:32 - loaded from config file: C:\javaprojects\werkuren\src\main\resources\dbase.properties
2018-06-17 10:33:07 DEBUG dbase:45 - Property file read - ok 
2018-06-17 10:33:07 DEBUG dbase:32 - loaded from config file: C:\javaprojects\werkuren\src\main\resources\dbase.properties
2018-06-17 10:33:07 DEBUG dbase:45 - Property file read - ok 
2018-06-17 10:33:07 DEBUG dbase:32 - loaded from config file: C:\javaprojects\werkuren\src\main\resources\dbase.properties
2018-06-17 10:33:07 DEBUG dbase:45 - Property file read - ok 
2018-06-17 10:33:07 DEBUG dbase:32 - loaded from config file: C:\javaprojects\werkuren\src\main\resources\dbase.properties
2018-06-17 10:33:07 DEBUG dbase:45 - Property file read - ok 
2018-06-17 10:33:27 DEBUG dbase:32 - loaded from config file: C:\javaprojects\werkuren\src\main\resources\dbase.properties
2018-06-17 10:33:27 DEBUG dbase:45 - Property file read - ok 
2018-06-17 10:33:27 DEBUG dbase:32 - loaded from config file: C:\javaprojects\werkuren\src\main\resources\dbase.properties
2018-06-17 10:33:27 DEBUG dbase:45 - Property file read - ok 
2018-06-17 10:33:28 DEBUG dbase:32 - loaded from config file: C:\javaprojects\werkuren\src\main\resources\dbase.properties
2018-06-17 10:33:28 DEBUG dbase:45 - Property file read - ok 
2018-06-17 10:33:28 DEBUG dbase:32 - loaded from config file: C:\javaprojects\werkuren\src\main\resources\dbase.properties
2018-06-17 10:33:28 DEBUG dbase:45 - Property file read - ok 
2018-06-17 10:37:13 DEBUG dbase:32 - loaded from config file: C:\javaprojects\werkuren\src\main\resources\dbase.properties
2018-06-17 10:37:13 DEBUG dbase:45 - Property file read - ok 
2018-06-17 10:37:56 DEBUG dbase:32 - loaded from config file: C:\javaprojects\werkuren\src\main\resources\dbase.properties
2018-06-17 10:37:56 DEBUG dbase:45 - Property file read - ok 
2018-06-17 10:37:56 DEBUG dbase:32 - loaded from config file: C:\javaprojects\werkuren\src\main\resources\dbase.properties
2018-06-17 10:37:56 DEBUG dbase:45 - Property file read - ok 
2018-06-17 10:37:56 DEBUG dbase:32 - loaded from config file: C:\javaprojects\werkuren\src\main\resources\dbase.properties
2018-06-17 10:37:56 DEBUG dbase:45 - Property file read - ok 
2018-06-17 10:37:56 DEBUG dbase:32 - loaded from config file: C:\javaprojects\werkuren\src\main\resources\dbase.properties
2018-06-17 10:37:56 DEBUG dbase:45 - Property file read - ok 
2018-06-17 10:38:12 DEBUG dbase:32 - loaded from config file: C:\javaprojects\werkuren\src\main\resources\dbase.properties
2018-06-17 10:38:12 DEBUG dbase:45 - Property file read - ok 
2018-06-17 10:41:37 DEBUG dbase:32 - loaded from config file: C:\javaprojects\werkuren\src\main\resources\dbase.properties
2018-06-17 10:41:37 DEBUG dbase:45 - Property file read - ok 
2018-06-17 10:42:09 DEBUG dbase:32 - loaded from config file: C:\javaprojects\werkuren\src\main\resources\dbase.properties
2018-06-17 10:42:09 DEBUG dbase:45 - Property file read - ok 
2018-06-17 10:42:09 DEBUG dbase:32 - loaded from config file: C:\javaprojects\werkuren\src\main\resources\dbase.properties
2018-06-17 10:42:09 DEBUG dbase:45 - Property file read - ok 
2018-06-17 10:42:09 DEBUG dbase:32 - loaded from config file: C:\javaprojects\werkuren\src\main\resources\dbase.properties
2018-06-17 10:42:09 DEBUG dbase:45 - Property file read - ok 
2018-06-17 10:51:10 DEBUG dbase:32 - loaded from config file: C:\javaprojects\werkuren\src\main\resources\dbase.properties
2018-06-17 10:51:10 DEBUG dbase:45 - Property file read - ok 
2018-06-17 10:51:11 DEBUG dbase:32 - loaded from config file: C:\javaprojects\werkuren\src\main\resources\dbase.properties
2018-06-17 10:51:11 DEBUG dbase:45 - Property file read - ok 
2018-06-17 10:51:11 DEBUG dbase:32 - loaded from config file: C:\javaprojects\werkuren\src\main\resources\dbase.properties
2018-06-17 10:51:11 DEBUG dbase:45 - Property file read - ok 
2018-06-17 10:51:43 DEBUG dbase:32 - loaded from config file: C:\javaprojects\werkuren\src\main\resources\dbase.properties
2018-06-17 10:51:43 DEBUG dbase:45 - Property file read - ok 
2018-06-17 10:51:43 DEBUG dbase:32 - loaded from config file: C:\javaprojects\werkuren\src\main\resources\dbase.properties
2018-06-17 10:51:43 DEBUG dbase:45 - Property file read - ok 
2018-06-17 10:51:43 DEBUG dbase:32 - loaded from config file: C:\javaprojects\werkuren\src\main\resources\dbase.properties
2018-06-17 10:51:43 DEBUG dbase:45 - Property file read - ok 
2018-06-17 10:53:31 DEBUG dbase:32 - loaded from config file: C:\javaprojects\werkuren\src\main\resources\dbase.properties
2018-06-17 10:53:31 DEBUG dbase:45 - Property file read - ok 
2018-06-17 10:53:32 DEBUG dbase:32 - loaded from config file: C:\javaprojects\werkuren\src\main\resources\dbase.properties
2018-06-17 10:53:32 DEBUG dbase:45 - Property file read - ok 
2018-06-17 10:53:32 DEBUG dbase:32 - loaded from config file: C:\javaprojects\werkuren\src\main\resources\dbase.properties
2018-06-17 10:53:32 DEBUG dbase:45 - Property file read - ok 
2018-06-17 10:54:55 DEBUG dbase:32 - loaded from config file: C:\javaprojects\werkuren\src\main\resources\dbase.properties
2018-06-17 10:54:55 DEBUG dbase:45 - Property file read - ok 
2018-06-17 10:54:56 DEBUG dbase:32 - loaded from config file: C:\javaprojects\werkuren\src\main\resources\dbase.properties
2018-06-17 10:54:56 DEBUG dbase:45 - Property file read - ok 
2018-06-17 10:54:56 DEBUG dbase:32 - loaded from config file: C:\javaprojects\werkuren\src\main\resources\dbase.properties
2018-06-17 10:54:56 DEBUG dbase:45 - Property file read - ok 
2018-06-17 10:55:15 DEBUG dbase:32 - loaded from config file: C:\javaprojects\werkuren\src\main\resources\dbase.properties
2018-06-17 10:55:15 DEBUG dbase:45 - Property file read - ok 
2018-06-17 10:55:15 DEBUG dbase:32 - loaded from config file: C:\javaprojects\werkuren\src\main\resources\dbase.properties
2018-06-17 10:55:15 DEBUG dbase:45 - Property file read - ok 
2018-06-17 10:55:15 DEBUG dbase:32 - loaded from config file: C:\javaprojects\werkuren\src\main\resources\dbase.properties
2018-06-17 10:55:15 DEBUG dbase:45 - Property file read - ok 
2018-06-17 10:56:13 DEBUG dbase:32 - loaded from config file: C:\javaprojects\werkuren\src\main\resources\dbase.properties
2018-06-17 10:56:13 DEBUG dbase:45 - Property file read - ok 
2018-06-17 10:56:14 DEBUG dbase:32 - loaded from config file: C:\javaprojects\werkuren\src\main\resources\dbase.properties
2018-06-17 10:56:14 DEBUG dbase:45 - Property file read - ok 
2018-06-17 10:56:14 DEBUG dbase:32 - loaded from config file: C:\javaprojects\werkuren\src\main\resources\dbase.properties
2018-06-17 10:56:14 DEBUG dbase:45 - Property file read - ok 
2018-06-17 10:56:33 DEBUG dbase:32 - loaded from config file: C:\javaprojects\werkuren\src\main\resources\dbase.properties
2018-06-17 10:56:33 DEBUG dbase:45 - Property file read - ok 
2018-06-17 10:56:33 DEBUG dbase:32 - loaded from config file: C:\javaprojects\werkuren\src\main\resources\dbase.properties
2018-06-17 10:56:33 DEBUG dbase:45 - Property file read - ok 
2018-06-17 10:56:33 DEBUG dbase:32 - loaded from config file: C:\javaprojects\werkuren\src\main\resources\dbase.properties
2018-06-17 10:56:33 DEBUG dbase:45 - Property file read - ok 
2018-06-17 10:58:04 DEBUG dbase:32 - loaded from config file: C:\javaprojects\werkuren\src\main\resources\dbase.properties
2018-06-17 10:58:04 DEBUG dbase:45 - Property file read - ok 
2018-06-17 10:58:05 DEBUG dbase:32 - loaded from config file: C:\javaprojects\werkuren\src\main\resources\dbase.properties
2018-06-17 10:58:05 DEBUG dbase:45 - Property file read - ok 
2018-06-17 10:58:05 DEBUG dbase:32 - loaded from config file: C:\javaprojects\werkuren\src\main\resources\dbase.properties
2018-06-17 10:58:05 DEBUG dbase:45 - Property file read - ok 
2018-06-17 10:58:34 DEBUG dbase:32 - loaded from config file: C:\javaprojects\werkuren\src\main\resources\dbase.properties
2018-06-17 10:58:34 DEBUG dbase:45 - Property file read - ok 
2018-06-17 10:58:35 DEBUG dbase:32 - loaded from config file: C:\javaprojects\werkuren\src\main\resources\dbase.properties
2018-06-17 10:58:35 DEBUG dbase:45 - Property file read - ok 
2018-06-17 10:58:35 DEBUG dbase:32 - loaded from config file: C:\javaprojects\werkuren\src\main\resources\dbase.properties
2018-06-17 10:58:35 DEBUG dbase:45 - Property file read - ok 
2018-06-17 10:59:55 DEBUG dbase:32 - loaded from config file: C:\javaprojects\werkuren\src\main\resources\dbase.properties
2018-06-17 10:59:55 DEBUG dbase:45 - Property file read - ok 
2018-06-17 10:59:55 DEBUG dbase:32 - loaded from config file: C:\javaprojects\werkuren\src\main\resources\dbase.properties
2018-06-17 10:59:55 DEBUG dbase:45 - Property file read - ok 
2018-06-17 10:59:55 DEBUG dbase:32 - loaded from config file: C:\javaprojects\werkuren\src\main\resources\dbase.properties
2018-06-17 10:59:55 DEBUG dbase:45 - Property file read - ok 
2018-06-17 11:00:22 DEBUG dbase:32 - loaded from config file: C:\javaprojects\werkuren\src\main\resources\dbase.properties
2018-06-17 11:00:22 DEBUG dbase:45 - Property file read - ok 
2018-06-17 11:00:23 DEBUG dbase:32 - loaded from config file: C:\javaprojects\werkuren\src\main\resources\dbase.properties
2018-06-17 11:00:23 DEBUG dbase:45 - Property file read - ok 
2018-06-17 11:00:23 DEBUG dbase:32 - loaded from config file: C:\javaprojects\werkuren\src\main\resources\dbase.properties
2018-06-17 11:00:23 DEBUG dbase:45 - Property file read - ok 
2018-06-17 11:01:25 DEBUG dbase:32 - loaded from config file: C:\javaprojects\werkuren\src\main\resources\dbase.properties
2018-06-17 11:01:25 DEBUG dbase:45 - Property file read - ok 
2018-06-17 11:01:26 DEBUG dbase:32 - loaded from config file: C:\javaprojects\werkuren\src\main\resources\dbase.properties
2018-06-17 11:01:26 DEBUG dbase:45 - Property file read - ok 
2018-06-17 11:01:26 DEBUG dbase:32 - loaded from config file: C:\javaprojects\werkuren\src\main\resources\dbase.properties
2018-06-17 11:01:26 DEBUG dbase:45 - Property file read - ok 
2018-06-17 11:02:14 DEBUG dbase:32 - loaded from config file: C:\javaprojects\werkuren\src\main\resources\dbase.properties
2018-06-17 11:02:14 DEBUG dbase:45 - Property file read - ok 
2018-06-17 11:02:15 DEBUG dbase:32 - loaded from config file: C:\javaprojects\werkuren\src\main\resources\dbase.properties
2018-06-17 11:02:15 DEBUG dbase:45 - Property file read - ok 
2018-06-17 11:02:15 DEBUG dbase:32 - loaded from config file: C:\javaprojects\werkuren\src\main\resources\dbase.properties
2018-06-17 11:02:15 DEBUG dbase:45 - Property file read - ok 
2018-06-17 11:02:44 DEBUG dbase:32 - loaded from config file: C:\javaprojects\werkuren\src\main\resources\dbase.properties
2018-06-17 11:02:44 DEBUG dbase:45 - Property file read - ok 
2018-06-17 11:02:44 DEBUG dbase:32 - loaded from config file: C:\javaprojects\werkuren\src\main\resources\dbase.properties
2018-06-17 11:02:44 DEBUG dbase:45 - Property file read - ok 
2018-06-17 11:02:44 DEBUG dbase:32 - loaded from config file: C:\javaprojects\werkuren\src\main\resources\dbase.properties
2018-06-17 11:02:44 DEBUG dbase:45 - Property file read - ok 
2018-06-17 11:03:35 DEBUG dbase:32 - loaded from config file: C:\javaprojects\werkuren\src\main\resources\dbase.properties
2018-06-17 11:03:35 DEBUG dbase:45 - Property file read - ok 
2018-06-17 11:03:35 DEBUG dbase:32 - loaded from config file: C:\javaprojects\werkuren\src\main\resources\dbase.properties
2018-06-17 11:03:35 DEBUG dbase:45 - Property file read - ok 
2018-06-17 11:03:35 DEBUG dbase:32 - loaded from config file: C:\javaprojects\werkuren\src\main\resources\dbase.properties
2018-06-17 11:03:35 DEBUG dbase:45 - Property file read - ok 
2018-06-17 11:03:57 DEBUG dbase:32 - loaded from config file: C:\javaprojects\werkuren\src\main\resources\dbase.properties
2018-06-17 11:03:57 DEBUG dbase:45 - Property file read - ok 
2018-06-17 11:03:58 DEBUG dbase:32 - loaded from config file: C:\javaprojects\werkuren\src\main\resources\dbase.properties
2018-06-17 11:03:58 DEBUG dbase:45 - Property file read - ok 
2018-06-17 11:03:58 DEBUG dbase:32 - loaded from config file: C:\javaprojects\werkuren\src\main\resources\dbase.properties
2018-06-17 11:03:58 DEBUG dbase:45 - Property file read - ok 
2018-06-17 11:23:52 DEBUG dbase:32 - loaded from config file: C:\javaprojects\werkuren\src\main\resources\dbase.properties
2018-06-17 11:23:52 DEBUG dbase:45 - Property file read - ok 
2018-06-17 11:23:53 DEBUG dbase:32 - loaded from config file: C:\javaprojects\werkuren\src\main\resources\dbase.properties
2018-06-17 11:23:53 DEBUG dbase:45 - Property file read - ok 
2018-06-17 11:23:53 DEBUG dbase:32 - loaded from config file: C:\javaprojects\werkuren\src\main\resources\dbase.properties
2018-06-17 11:23:53 DEBUG dbase:45 - Property file read - ok 
2018-06-17 11:34:02 DEBUG dbase:32 - loaded from config file: C:\javaprojects\werkuren\src\main\resources\dbase.properties
2018-06-17 11:34:02 DEBUG dbase:45 - Property file read - ok 
2018-06-17 11:34:03 DEBUG dbase:32 - loaded from config file: C:\javaprojects\werkuren\src\main\resources\dbase.properties
2018-06-17 11:34:03 DEBUG dbase:45 - Property file read - ok 
2018-06-17 11:34:03 DEBUG dbase:32 - loaded from config file: C:\javaprojects\werkuren\src\main\resources\dbase.properties
2018-06-17 11:34:03 DEBUG dbase:45 - Property file read - ok 
2018-06-17 11:48:39 DEBUG dbase:32 - loaded from config file: C:\javaprojects\werkuren\src\main\resources\dbase.properties
2018-06-17 11:48:39 DEBUG dbase:45 - Property file read - ok 
2018-06-17 11:48:40 DEBUG dbase:32 - loaded from config file: C:\javaprojects\werkuren\src\main\resources\dbase.properties
2018-06-17 11:48:40 DEBUG dbase:45 - Property file read - ok 
2018-06-17 11:48:40 DEBUG dbase:32 - loaded from config file: C:\javaprojects\werkuren\src\main\resources\dbase.properties
2018-06-17 11:48:40 DEBUG dbase:45 - Property file read - ok 
2018-06-17 11:53:56 DEBUG dbase:32 - loaded from config file: C:\javaprojects\werkuren\src\main\resources\dbase.properties
2018-06-17 11:53:56 DEBUG dbase:45 - Property file read - ok 
2018-06-17 11:53:56 DEBUG dbase:32 - loaded from config file: C:\javaprojects\werkuren\src\main\resources\dbase.properties
2018-06-17 11:53:56 DEBUG dbase:45 - Property file read - ok 
2018-06-17 11:53:56 DEBUG dbase:32 - loaded from config file: C:\javaprojects\werkuren\src\main\resources\dbase.properties
2018-06-17 11:53:56 DEBUG dbase:45 - Property file read - ok 
2018-06-17 11:58:50 DEBUG dbase:32 - loaded from config file: C:\javaprojects\werkuren\src\main\resources\dbase.properties
2018-06-17 11:58:50 DEBUG dbase:45 - Property file read - ok 
2018-06-17 11:58:51 DEBUG dbase:32 - loaded from config file: C:\javaprojects\werkuren\src\main\resources\dbase.properties
2018-06-17 11:58:51 DEBUG dbase:45 - Property file read - ok 
2018-06-17 11:58:51 DEBUG dbase:32 - loaded from config file: C:\javaprojects\werkuren\src\main\resources\dbase.properties
2018-06-17 11:58:51 DEBUG dbase:45 - Property file read - ok 
2018-06-17 12:05:35 DEBUG dbase:32 - loaded from config file: C:\javaprojects\werkuren\src\main\resources\dbase.properties
2018-06-17 12:05:35 DEBUG dbase:45 - Property file read - ok 
2018-06-17 12:05:36 DEBUG dbase:32 - loaded from config file: C:\javaprojects\werkuren\src\main\resources\dbase.properties
2018-06-17 12:05:36 DEBUG dbase:45 - Property file read - ok 
2018-06-17 12:05:36 DEBUG dbase:32 - loaded from config file: C:\javaprojects\werkuren\src\main\resources\dbase.properties
2018-06-17 12:05:36 DEBUG dbase:45 - Property file read - ok 
2018-06-17 12:07:43 DEBUG dbase:32 - loaded from config file: C:\javaprojects\werkuren\src\main\resources\dbase.properties
2018-06-17 12:07:43 DEBUG dbase:45 - Property file read - ok 
2018-06-17 12:07:43 DEBUG dbase:32 - loaded from config file: C:\javaprojects\werkuren\src\main\resources\dbase.properties
2018-06-17 12:07:43 DEBUG dbase:45 - Property file read - ok 
2018-06-17 12:07:43 DEBUG dbase:32 - loaded from config file: C:\javaprojects\werkuren\src\main\resources\dbase.properties
2018-06-17 12:07:43 DEBUG dbase:45 - Property file read - ok 
2018-06-17 12:08:11 DEBUG dbase:32 - loaded from config file: C:\javaprojects\werkuren\src\main\resources\dbase.properties
2018-06-17 12:08:11 DEBUG dbase:45 - Property file read - ok 
2018-06-17 12:08:12 DEBUG dbase:32 - loaded from config file: C:\javaprojects\werkuren\src\main\resources\dbase.properties
2018-06-17 12:08:12 DEBUG dbase:45 - Property file read - ok 
2018-06-17 12:08:12 DEBUG dbase:32 - loaded from config file: C:\javaprojects\werkuren\src\main\resources\dbase.properties
2018-06-17 12:08:12 DEBUG dbase:45 - Property file read - ok 
2018-06-17 12:08:53 DEBUG dbase:32 - loaded from config file: C:\javaprojects\werkuren\src\main\resources\dbase.properties
2018-06-17 12:08:53 DEBUG dbase:45 - Property file read - ok 
2018-06-17 12:08:54 DEBUG dbase:32 - loaded from config file: C:\javaprojects\werkuren\src\main\resources\dbase.properties
2018-06-17 12:08:54 DEBUG dbase:45 - Property file read - ok 
2018-06-17 12:08:54 DEBUG dbase:32 - loaded from config file: C:\javaprojects\werkuren\src\main\resources\dbase.properties
2018-06-17 12:08:54 DEBUG dbase:45 - Property file read - ok 
2018-06-17 12:09:15 DEBUG dbase:32 - loaded from config file: C:\javaprojects\werkuren\src\main\resources\dbase.properties
2018-06-17 12:09:15 DEBUG dbase:45 - Property file read - ok 
2018-06-17 12:09:15 DEBUG dbase:32 - loaded from config file: C:\javaprojects\werkuren\src\main\resources\dbase.properties
2018-06-17 12:09:15 DEBUG dbase:45 - Property file read - ok 
2018-06-17 12:09:15 DEBUG dbase:32 - loaded from config file: C:\javaprojects\werkuren\src\main\resources\dbase.properties
2018-06-17 12:09:15 DEBUG dbase:45 - Property file read - ok 
2018-06-17 12:10:01 DEBUG dbase:32 - loaded from config file: C:\javaprojects\werkuren\src\main\resources\dbase.properties
2018-06-17 12:10:01 DEBUG dbase:45 - Property file read - ok 
2018-06-17 12:10:02 DEBUG dbase:32 - loaded from config file: C:\javaprojects\werkuren\src\main\resources\dbase.properties
2018-06-17 12:10:02 DEBUG dbase:45 - Property file read - ok 
2018-06-17 12:10:02 DEBUG dbase:32 - loaded from config file: C:\javaprojects\werkuren\src\main\resources\dbase.properties
2018-06-17 12:10:02 DEBUG dbase:45 - Property file read - ok 
2018-06-17 12:10:35 DEBUG dbase:32 - loaded from config file: C:\javaprojects\werkuren\src\main\resources\dbase.properties
2018-06-17 12:10:35 DEBUG dbase:45 - Property file read - ok 
2018-06-17 12:10:36 DEBUG dbase:32 - loaded from config file: C:\javaprojects\werkuren\src\main\resources\dbase.properties
2018-06-17 12:10:36 DEBUG dbase:45 - Property file read - ok 
2018-06-17 12:10:36 DEBUG dbase:32 - loaded from config file: C:\javaprojects\werkuren\src\main\resources\dbase.properties
2018-06-17 12:10:36 DEBUG dbase:45 - Property file read - ok 
2018-06-17 12:14:13 DEBUG dbase:32 - loaded from config file: C:\javaprojects\werkuren\src\main\resources\dbase.properties
2018-06-17 12:14:13 DEBUG dbase:45 - Property file read - ok 
2018-06-17 12:14:14 DEBUG dbase:32 - loaded from config file: C:\javaprojects\werkuren\src\main\resources\dbase.properties
2018-06-17 12:14:14 DEBUG dbase:45 - Property file read - ok 
2018-06-17 12:14:14 DEBUG dbase:32 - loaded from config file: C:\javaprojects\werkuren\src\main\resources\dbase.properties
2018-06-17 12:14:14 DEBUG dbase:45 - Property file read - ok 
2018-06-17 12:14:52 DEBUG dbase:32 - loaded from config file: C:\javaprojects\werkuren\src\main\resources\dbase.properties
2018-06-17 12:14:52 DEBUG dbase:45 - Property file read - ok 
2018-06-17 12:14:53 DEBUG dbase:32 - loaded from config file: C:\javaprojects\werkuren\src\main\resources\dbase.properties
2018-06-17 12:14:53 DEBUG dbase:45 - Property file read - ok 
2018-06-17 12:14:53 DEBUG dbase:32 - loaded from config file: C:\javaprojects\werkuren\src\main\resources\dbase.properties
2018-06-17 12:14:53 DEBUG dbase:45 - Property file read - ok 
2018-06-17 12:16:14 DEBUG dbase:32 - loaded from config file: C:\javaprojects\werkuren\src\main\resources\dbase.properties
2018-06-17 12:16:14 DEBUG dbase:45 - Property file read - ok 
2018-06-17 12:16:15 DEBUG dbase:32 - loaded from config file: C:\javaprojects\werkuren\src\main\resources\dbase.properties
2018-06-17 12:16:15 DEBUG dbase:45 - Property file read - ok 
2018-06-17 12:16:15 DEBUG dbase:32 - loaded from config file: C:\javaprojects\werkuren\src\main\resources\dbase.properties
2018-06-17 12:16:15 DEBUG dbase:45 - Property file read - ok 
2018-06-17 12:16:36 DEBUG dbase:32 - loaded from config file: C:\javaprojects\werkuren\src\main\resources\dbase.properties
2018-06-17 12:16:36 DEBUG dbase:45 - Property file read - ok 
2018-06-17 12:16:37 DEBUG dbase:32 - loaded from config file: C:\javaprojects\werkuren\src\main\resources\dbase.properties
2018-06-17 12:16:37 DEBUG dbase:45 - Property file read - ok 
2018-06-17 12:16:37 DEBUG dbase:32 - loaded from config file: C:\javaprojects\werkuren\src\main\resources\dbase.properties
2018-06-17 12:16:37 DEBUG dbase:45 - Property file read - ok 
2018-06-17 12:17:08 DEBUG dbase:32 - loaded from config file: C:\javaprojects\werkuren\src\main\resources\dbase.properties
2018-06-17 12:17:08 DEBUG dbase:45 - Property file read - ok 
2018-06-17 12:17:09 DEBUG dbase:32 - loaded from config file: C:\javaprojects\werkuren\src\main\resources\dbase.properties
2018-06-17 12:17:09 DEBUG dbase:45 - Property file read - ok 
2018-06-17 12:17:09 DEBUG dbase:32 - loaded from config file: C:\javaprojects\werkuren\src\main\resources\dbase.properties
2018-06-17 12:17:09 DEBUG dbase:45 - Property file read - ok 
2018-06-17 12:17:51 DEBUG dbase:32 - loaded from config file: C:\javaprojects\werkuren\src\main\resources\dbase.properties
2018-06-17 12:17:51 DEBUG dbase:45 - Property file read - ok 
2018-06-17 12:17:51 DEBUG dbase:32 - loaded from config file: C:\javaprojects\werkuren\src\main\resources\dbase.properties
2018-06-17 12:17:51 DEBUG dbase:45 - Property file read - ok 
2018-06-17 12:17:51 DEBUG dbase:32 - loaded from config file: C:\javaprojects\werkuren\src\main\resources\dbase.properties
2018-06-17 12:17:51 DEBUG dbase:45 - Property file read - ok 
2018-06-17 12:20:46 DEBUG dbase:32 - loaded from config file: C:\javaprojects\werkuren\src\main\resources\dbase.properties
2018-06-17 12:20:46 DEBUG dbase:45 - Property file read - ok 
2018-06-17 12:20:46 DEBUG dbase:32 - loaded from config file: C:\javaprojects\werkuren\src\main\resources\dbase.properties
2018-06-17 12:20:46 DEBUG dbase:45 - Property file read - ok 
2018-06-17 12:20:46 DEBUG dbase:32 - loaded from config file: C:\javaprojects\werkuren\src\main\resources\dbase.properties
2018-06-17 12:20:46 DEBUG dbase:45 - Property file read - ok 
2018-06-17 12:20:56 DEBUG dbase:32 - loaded from config file: C:\javaprojects\werkuren\src\main\resources\dbase.properties
2018-06-17 12:20:56 DEBUG dbase:45 - Property file read - ok 
2018-06-17 12:20:57 DEBUG dbase:32 - loaded from config file: C:\javaprojects\werkuren\src\main\resources\dbase.properties
2018-06-17 12:20:57 DEBUG dbase:45 - Property file read - ok 
2018-06-17 12:20:57 DEBUG dbase:32 - loaded from config file: C:\javaprojects\werkuren\src\main\resources\dbase.properties
2018-06-17 12:20:57 DEBUG dbase:45 - Property file read - ok 
2018-06-17 12:21:53 DEBUG dbase:32 - loaded from config file: C:\javaprojects\werkuren\src\main\resources\dbase.properties
2018-06-17 12:21:53 DEBUG dbase:45 - Property file read - ok 
2018-06-17 12:21:53 DEBUG dbase:32 - loaded from config file: C:\javaprojects\werkuren\src\main\resources\dbase.properties
2018-06-17 12:21:53 DEBUG dbase:45 - Property file read - ok 
2018-06-17 12:21:53 DEBUG dbase:32 - loaded from config file: C:\javaprojects\werkuren\src\main\resources\dbase.properties
2018-06-17 12:21:53 DEBUG dbase:45 - Property file read - ok 
2018-06-17 12:22:31 DEBUG dbase:32 - loaded from config file: C:\javaprojects\werkuren\src\main\resources\dbase.properties
2018-06-17 12:22:31 DEBUG dbase:45 - Property file read - ok 
2018-06-17 12:22:31 DEBUG dbase:32 - loaded from config file: C:\javaprojects\werkuren\src\main\resources\dbase.properties
2018-06-17 12:22:31 DEBUG dbase:45 - Property file read - ok 
2018-06-17 12:22:31 DEBUG dbase:32 - loaded from config file: C:\javaprojects\werkuren\src\main\resources\dbase.properties
2018-06-17 12:22:31 DEBUG dbase:45 - Property file read - ok 
2018-06-17 12:23:09 DEBUG dbase:32 - loaded from config file: C:\javaprojects\werkuren\src\main\resources\dbase.properties
2018-06-17 12:23:09 DEBUG dbase:45 - Property file read - ok 
2018-06-17 12:23:10 DEBUG dbase:32 - loaded from config file: C:\javaprojects\werkuren\src\main\resources\dbase.properties
2018-06-17 12:23:10 DEBUG dbase:45 - Property file read - ok 
2018-06-17 12:23:10 DEBUG dbase:32 - loaded from config file: C:\javaprojects\werkuren\src\main\resources\dbase.properties
2018-06-17 12:23:10 DEBUG dbase:45 - Property file read - ok 
2018-06-17 12:23:21 DEBUG dbase:32 - loaded from config file: C:\javaprojects\werkuren\src\main\resources\dbase.properties
2018-06-17 12:23:21 DEBUG dbase:45 - Property file read - ok 
2018-06-17 12:23:21 DEBUG dbase:32 - loaded from config file: C:\javaprojects\werkuren\src\main\resources\dbase.properties
2018-06-17 12:23:21 DEBUG dbase:45 - Property file read - ok 
2018-06-17 12:23:21 DEBUG dbase:32 - loaded from config file: C:\javaprojects\werkuren\src\main\resources\dbase.properties
2018-06-17 12:23:21 DEBUG dbase:45 - Property file read - ok 
2018-06-17 12:23:42 DEBUG dbase:32 - loaded from config file: C:\javaprojects\werkuren\src\main\resources\dbase.properties
2018-06-17 12:23:42 DEBUG dbase:45 - Property file read - ok 
2018-06-17 12:23:43 DEBUG dbase:32 - loaded from config file: C:\javaprojects\werkuren\src\main\resources\dbase.properties
2018-06-17 12:23:43 DEBUG dbase:45 - Property file read - ok 
2018-06-17 12:23:43 DEBUG dbase:32 - loaded from config file: C:\javaprojects\werkuren\src\main\resources\dbase.properties
2018-06-17 12:23:43 DEBUG dbase:45 - Property file read - ok 
2018-06-17 12:24:19 DEBUG dbase:32 - loaded from config file: C:\javaprojects\werkuren\src\main\resources\dbase.properties
2018-06-17 12:24:19 DEBUG dbase:45 - Property file read - ok 
2018-06-17 12:24:19 DEBUG dbase:32 - loaded from config file: C:\javaprojects\werkuren\src\main\resources\dbase.properties
2018-06-17 12:24:19 DEBUG dbase:45 - Property file read - ok 
2018-06-17 12:24:19 DEBUG dbase:32 - loaded from config file: C:\javaprojects\werkuren\src\main\resources\dbase.properties
2018-06-17 12:24:19 DEBUG dbase:45 - Property file read - ok 
2018-06-17 12:26:54 DEBUG dbase:32 - loaded from config file: C:\javaprojects\werkuren\src\main\resources\dbase.properties
2018-06-17 12:26:54 DEBUG dbase:45 - Property file read - ok 
2018-06-17 12:26:54 DEBUG dbase:32 - loaded from config file: C:\javaprojects\werkuren\src\main\resources\dbase.properties
2018-06-17 12:26:54 DEBUG dbase:45 - Property file read - ok 
2018-06-17 12:26:54 DEBUG dbase:32 - loaded from config file: C:\javaprojects\werkuren\src\main\resources\dbase.properties
2018-06-17 12:26:54 DEBUG dbase:45 - Property file read - ok 
2018-06-17 12:27:22 DEBUG dbase:32 - loaded from config file: C:\javaprojects\werkuren\src\main\resources\dbase.properties
2018-06-17 12:27:22 DEBUG dbase:45 - Property file read - ok 
2018-06-17 12:27:23 DEBUG dbase:32 - loaded from config file: C:\javaprojects\werkuren\src\main\resources\dbase.properties
2018-06-17 12:27:23 DEBUG dbase:45 - Property file read - ok 
2018-06-17 12:27:23 DEBUG dbase:32 - loaded from config file: C:\javaprojects\werkuren\src\main\resources\dbase.properties
2018-06-17 12:27:23 DEBUG dbase:45 - Property file read - ok 
2018-06-17 12:31:28 DEBUG dbase:32 - loaded from config file: C:\javaprojects\werkuren\src\main\resources\dbase.properties
2018-06-17 12:31:28 DEBUG dbase:45 - Property file read - ok 
2018-06-17 12:31:29 DEBUG dbase:32 - loaded from config file: C:\javaprojects\werkuren\src\main\resources\dbase.properties
2018-06-17 12:31:29 DEBUG dbase:45 - Property file read - ok 
2018-06-17 12:31:29 DEBUG dbase:32 - loaded from config file: C:\javaprojects\werkuren\src\main\resources\dbase.properties
2018-06-17 12:31:29 DEBUG dbase:45 - Property file read - ok 
2018-06-17 12:31:52 DEBUG dbase:32 - loaded from config file: C:\javaprojects\werkuren\src\main\resources\dbase.properties
2018-06-17 12:31:52 DEBUG dbase:45 - Property file read - ok 
2018-06-17 12:31:53 DEBUG dbase:32 - loaded from config file: C:\javaprojects\werkuren\src\main\resources\dbase.properties
2018-06-17 12:31:53 DEBUG dbase:45 - Property file read - ok 
2018-06-17 12:31:53 DEBUG dbase:32 - loaded from config file: C:\javaprojects\werkuren\src\main\resources\dbase.properties
2018-06-17 12:31:53 DEBUG dbase:45 - Property file read - ok 
2018-06-17 12:32:23 DEBUG dbase:32 - loaded from config file: C:\javaprojects\werkuren\src\main\resources\dbase.properties
2018-06-17 12:32:23 DEBUG dbase:45 - Property file read - ok 
2018-06-17 12:32:24 DEBUG dbase:32 - loaded from config file: C:\javaprojects\werkuren\src\main\resources\dbase.properties
2018-06-17 12:32:24 DEBUG dbase:45 - Property file read - ok 
2018-06-17 12:32:24 DEBUG dbase:32 - loaded from config file: C:\javaprojects\werkuren\src\main\resources\dbase.properties
2018-06-17 12:32:24 DEBUG dbase:45 - Property file read - ok 
2018-06-17 12:33:25 DEBUG dbase:32 - loaded from config file: C:\javaprojects\werkuren\src\main\resources\dbase.properties
2018-06-17 12:33:25 DEBUG dbase:45 - Property file read - ok 
2018-06-17 12:33:25 DEBUG dbase:32 - loaded from config file: C:\javaprojects\werkuren\src\main\resources\dbase.properties
2018-06-17 12:33:25 DEBUG dbase:45 - Property file read - ok 
2018-06-17 12:33:25 DEBUG dbase:32 - loaded from config file: C:\javaprojects\werkuren\src\main\resources\dbase.properties
2018-06-17 12:33:25 DEBUG dbase:45 - Property file read - ok 
2018-06-17 12:33:42 DEBUG dbase:32 - loaded from config file: C:\javaprojects\werkuren\src\main\resources\dbase.properties
2018-06-17 12:33:42 DEBUG dbase:45 - Property file read - ok 
2018-06-17 12:33:43 DEBUG dbase:32 - loaded from config file: C:\javaprojects\werkuren\src\main\resources\dbase.properties
2018-06-17 12:33:43 DEBUG dbase:45 - Property file read - ok 
2018-06-17 12:33:43 DEBUG dbase:32 - loaded from config file: C:\javaprojects\werkuren\src\main\resources\dbase.properties
2018-06-17 12:33:43 DEBUG dbase:45 - Property file read - ok 
2018-06-17 12:34:14 DEBUG dbase:32 - loaded from config file: C:\javaprojects\werkuren\src\main\resources\dbase.properties
2018-06-17 12:34:14 DEBUG dbase:45 - Property file read - ok 
2018-06-17 12:34:15 DEBUG dbase:32 - loaded from config file: C:\javaprojects\werkuren\src\main\resources\dbase.properties
2018-06-17 12:34:15 DEBUG dbase:45 - Property file read - ok 
2018-06-17 12:34:15 DEBUG dbase:32 - loaded from config file: C:\javaprojects\werkuren\src\main\resources\dbase.properties
2018-06-17 12:34:15 DEBUG dbase:45 - Property file read - ok 
2018-06-17 12:35:02 DEBUG dbase:32 - loaded from config file: C:\javaprojects\werkuren\src\main\resources\dbase.properties
2018-06-17 12:35:02 DEBUG dbase:45 - Property file read - ok 
2018-06-17 12:35:03 DEBUG dbase:32 - loaded from config file: C:\javaprojects\werkuren\src\main\resources\dbase.properties
2018-06-17 12:35:03 DEBUG dbase:45 - Property file read - ok 
2018-06-17 12:35:03 DEBUG dbase:32 - loaded from config file: C:\javaprojects\werkuren\src\main\resources\dbase.properties
2018-06-17 12:35:03 DEBUG dbase:45 - Property file read - ok 
2018-06-17 12:35:22 DEBUG dbase:32 - loaded from config file: C:\javaprojects\werkuren\src\main\resources\dbase.properties
2018-06-17 12:35:22 DEBUG dbase:45 - Property file read - ok 
2018-06-17 12:35:23 DEBUG dbase:32 - loaded from config file: C:\javaprojects\werkuren\src\main\resources\dbase.properties
2018-06-17 12:35:23 DEBUG dbase:45 - Property file read - ok 
2018-06-17 12:35:23 DEBUG dbase:32 - loaded from config file: C:\javaprojects\werkuren\src\main\resources\dbase.properties
2018-06-17 12:35:23 DEBUG dbase:45 - Property file read - ok 
2018-06-17 12:35:40 DEBUG dbase:32 - loaded from config file: C:\javaprojects\werkuren\src\main\resources\dbase.properties
2018-06-17 12:35:40 DEBUG dbase:45 - Property file read - ok 
2018-06-17 12:35:41 DEBUG dbase:32 - loaded from config file: C:\javaprojects\werkuren\src\main\resources\dbase.properties
2018-06-17 12:35:41 DEBUG dbase:45 - Property file read - ok 
2018-06-17 12:35:41 DEBUG dbase:32 - loaded from config file: C:\javaprojects\werkuren\src\main\resources\dbase.properties
2018-06-17 12:35:41 DEBUG dbase:45 - Property file read - ok 
2018-06-17 12:36:00 DEBUG dbase:32 - loaded from config file: C:\javaprojects\werkuren\src\main\resources\dbase.properties
2018-06-17 12:36:00 DEBUG dbase:45 - Property file read - ok 
2018-06-17 12:36:01 DEBUG dbase:32 - loaded from config file: C:\javaprojects\werkuren\src\main\resources\dbase.properties
2018-06-17 12:36:01 DEBUG dbase:45 - Property file read - ok 
2018-06-17 12:36:01 DEBUG dbase:32 - loaded from config file: C:\javaprojects\werkuren\src\main\resources\dbase.properties
2018-06-17 12:36:01 DEBUG dbase:45 - Property file read - ok 
2018-06-17 12:36:11 DEBUG dbase:32 - loaded from config file: C:\javaprojects\werkuren\src\main\resources\dbase.properties
2018-06-17 12:36:11 DEBUG dbase:45 - Property file read - ok 
2018-06-17 12:36:12 DEBUG dbase:32 - loaded from config file: C:\javaprojects\werkuren\src\main\resources\dbase.properties
2018-06-17 12:36:12 DEBUG dbase:45 - Property file read - ok 
2018-06-17 12:36:12 DEBUG dbase:32 - loaded from config file: C:\javaprojects\werkuren\src\main\resources\dbase.properties
2018-06-17 12:36:12 DEBUG dbase:45 - Property file read - ok 
2018-06-17 12:38:20 DEBUG dbase:32 - loaded from config file: C:\javaprojects\werkuren\src\main\resources\dbase.properties
2018-06-17 12:38:20 DEBUG dbase:45 - Property file read - ok 
2018-06-17 12:38:21 DEBUG dbase:32 - loaded from config file: C:\javaprojects\werkuren\src\main\resources\dbase.properties
2018-06-17 12:38:21 DEBUG dbase:45 - Property file read - ok 
2018-06-17 12:38:21 DEBUG dbase:32 - loaded from config file: C:\javaprojects\werkuren\src\main\resources\dbase.properties
2018-06-17 12:38:21 DEBUG dbase:45 - Property file read - ok 
2018-06-17 13:01:59 DEBUG dbase:32 - loaded from config file: C:\javaprojects\werkuren\src\main\resources\dbase.properties
2018-06-17 13:01:59 DEBUG dbase:45 - Property file read - ok 
2018-06-17 13:01:59 DEBUG dbase:32 - loaded from config file: C:\javaprojects\werkuren\src\main\resources\dbase.properties
2018-06-17 13:01:59 DEBUG dbase:45 - Property file read - ok 
2018-06-17 13:01:59 DEBUG dbase:32 - loaded from config file: C:\javaprojects\werkuren\src\main\resources\dbase.properties
2018-06-17 13:01:59 DEBUG dbase:45 - Property file read - ok 
2018-06-17 13:08:24 DEBUG dbase:32 - loaded from config file: C:\javaprojects\werkuren\src\main\resources\dbase.properties
2018-06-17 13:08:24 DEBUG dbase:45 - Property file read - ok 
2018-06-17 13:08:25 DEBUG dbase:32 - loaded from config file: C:\javaprojects\werkuren\src\main\resources\dbase.properties
2018-06-17 13:08:25 DEBUG dbase:45 - Property file read - ok 
2018-06-17 13:08:25 DEBUG dbase:32 - loaded from config file: C:\javaprojects\werkuren\src\main\resources\dbase.properties
2018-06-17 13:08:25 DEBUG dbase:45 - Property file read - ok 
2018-06-17 13:08:31 DEBUG dbase:32 - loaded from config file: C:\javaprojects\werkuren\src\main\resources\dbase.properties
2018-06-17 13:08:31 DEBUG dbase:45 - Property file read - ok 
2018-06-17 13:08:31 DEBUG dbase:32 - loaded from config file: C:\javaprojects\werkuren\src\main\resources\dbase.properties
2018-06-17 13:08:31 DEBUG dbase:45 - Property file read - ok 
2018-06-17 13:08:31 DEBUG dbase:32 - loaded from config file: C:\javaprojects\werkuren\src\main\resources\dbase.properties
2018-06-17 13:08:31 DEBUG dbase:45 - Property file read - ok 
2018-06-17 13:09:33 DEBUG dbase:32 - loaded from config file: C:\javaprojects\werkuren\src\main\resources\dbase.properties
2018-06-17 13:09:33 DEBUG dbase:45 - Property file read - ok 
2018-06-17 13:09:33 DEBUG dbase:32 - loaded from config file: C:\javaprojects\werkuren\src\main\resources\dbase.properties
2018-06-17 13:09:33 DEBUG dbase:45 - Property file read - ok 
2018-06-17 13:09:33 DEBUG dbase:32 - loaded from config file: C:\javaprojects\werkuren\src\main\resources\dbase.properties
2018-06-17 13:09:33 DEBUG dbase:45 - Property file read - ok 
2018-06-17 13:09:47 DEBUG dbase:32 - loaded from config file: C:\javaprojects\werkuren\src\main\resources\dbase.properties
2018-06-17 13:09:47 DEBUG dbase:45 - Property file read - ok 
2018-06-17 13:09:47 DEBUG dbase:32 - loaded from config file: C:\javaprojects\werkuren\src\main\resources\dbase.properties
2018-06-17 13:09:47 DEBUG dbase:45 - Property file read - ok 
2018-06-17 13:09:47 DEBUG dbase:32 - loaded from config file: C:\javaprojects\werkuren\src\main\resources\dbase.properties
2018-06-17 13:09:47 DEBUG dbase:45 - Property file read - ok 
2018-06-17 13:10:00 DEBUG dbase:32 - loaded from config file: C:\javaprojects\werkuren\src\main\resources\dbase.properties
2018-06-17 13:10:00 DEBUG dbase:45 - Property file read - ok 
2018-06-17 13:10:00 DEBUG dbase:32 - loaded from config file: C:\javaprojects\werkuren\src\main\resources\dbase.properties
2018-06-17 13:10:00 DEBUG dbase:45 - Property file read - ok 
2018-06-17 13:10:00 DEBUG dbase:32 - loaded from config file: C:\javaprojects\werkuren\src\main\resources\dbase.properties
2018-06-17 13:10:00 DEBUG dbase:45 - Property file read - ok 
2018-06-17 13:10:11 DEBUG dbase:32 - loaded from config file: C:\javaprojects\werkuren\src\main\resources\dbase.properties
2018-06-17 13:10:11 DEBUG dbase:45 - Property file read - ok 
2018-06-17 13:10:12 DEBUG dbase:32 - loaded from config file: C:\javaprojects\werkuren\src\main\resources\dbase.properties
2018-06-17 13:10:12 DEBUG dbase:45 - Property file read - ok 
2018-06-17 13:10:12 DEBUG dbase:32 - loaded from config file: C:\javaprojects\werkuren\src\main\resources\dbase.properties
2018-06-17 13:10:12 DEBUG dbase:45 - Property file read - ok 
2018-06-17 13:11:14 DEBUG dbase:32 - loaded from config file: C:\javaprojects\werkuren\src\main\resources\dbase.properties
2018-06-17 13:11:14 DEBUG dbase:45 - Property file read - ok 
2018-06-17 13:11:14 DEBUG dbase:32 - loaded from config file: C:\javaprojects\werkuren\src\main\resources\dbase.properties
2018-06-17 13:11:14 DEBUG dbase:45 - Property file read - ok 
2018-06-17 13:11:14 DEBUG dbase:32 - loaded from config file: C:\javaprojects\werkuren\src\main\resources\dbase.properties
2018-06-17 13:11:14 DEBUG dbase:45 - Property file read - ok 
2018-06-17 13:11:29 DEBUG dbase:32 - loaded from config file: C:\javaprojects\werkuren\src\main\resources\dbase.properties
2018-06-17 13:11:29 DEBUG dbase:45 - Property file read - ok 
2018-06-17 13:11:29 DEBUG dbase:32 - loaded from config file: C:\javaprojects\werkuren\src\main\resources\dbase.properties
2018-06-17 13:11:29 DEBUG dbase:45 - Property file read - ok 
2018-06-17 13:11:29 DEBUG dbase:32 - loaded from config file: C:\javaprojects\werkuren\src\main\resources\dbase.properties
2018-06-17 13:11:29 DEBUG dbase:45 - Property file read - ok 
2018-06-17 13:11:54 DEBUG dbase:32 - loaded from config file: C:\javaprojects\werkuren\src\main\resources\dbase.properties
2018-06-17 13:11:54 DEBUG dbase:45 - Property file read - ok 
2018-06-17 13:11:55 DEBUG dbase:32 - loaded from config file: C:\javaprojects\werkuren\src\main\resources\dbase.properties
2018-06-17 13:11:55 DEBUG dbase:45 - Property file read - ok 
2018-06-17 13:11:55 DEBUG dbase:32 - loaded from config file: C:\javaprojects\werkuren\src\main\resources\dbase.properties
2018-06-17 13:11:55 DEBUG dbase:45 - Property file read - ok 
2018-06-17 13:12:27 DEBUG dbase:32 - loaded from config file: C:\javaprojects\werkuren\src\main\resources\dbase.properties
2018-06-17 13:12:27 DEBUG dbase:45 - Property file read - ok 
2018-06-17 13:12:27 DEBUG dbase:32 - loaded from config file: C:\javaprojects\werkuren\src\main\resources\dbase.properties
2018-06-17 13:12:27 DEBUG dbase:45 - Property file read - ok 
2018-06-17 13:12:27 DEBUG dbase:32 - loaded from config file: C:\javaprojects\werkuren\src\main\resources\dbase.properties
2018-06-17 13:12:27 DEBUG dbase:45 - Property file read - ok 
2018-06-17 13:14:31 DEBUG dbase:32 - loaded from config file: C:\javaprojects\werkuren\src\main\resources\dbase.properties
2018-06-17 13:14:31 DEBUG dbase:45 - Property file read - ok 
2018-06-17 13:14:31 DEBUG dbase:32 - loaded from config file: C:\javaprojects\werkuren\src\main\resources\dbase.properties
2018-06-17 13:14:31 DEBUG dbase:45 - Property file read - ok 
2018-06-17 13:14:31 DEBUG dbase:32 - loaded from config file: C:\javaprojects\werkuren\src\main\resources\dbase.properties
2018-06-17 13:14:31 DEBUG dbase:45 - Property file read - ok 
2018-06-17 13:14:44 DEBUG dbase:32 - loaded from config file: C:\javaprojects\werkuren\src\main\resources\dbase.properties
2018-06-17 13:14:44 DEBUG dbase:45 - Property file read - ok 
2018-06-17 13:14:45 DEBUG dbase:32 - loaded from config file: C:\javaprojects\werkuren\src\main\resources\dbase.properties
2018-06-17 13:14:45 DEBUG dbase:45 - Property file read - ok 
2018-06-17 13:14:45 DEBUG dbase:32 - loaded from config file: C:\javaprojects\werkuren\src\main\resources\dbase.properties
2018-06-17 13:14:45 DEBUG dbase:45 - Property file read - ok 
2018-06-17 13:16:44 DEBUG dbase:32 - loaded from config file: C:\javaprojects\werkuren\src\main\resources\dbase.properties
2018-06-17 13:16:44 DEBUG dbase:45 - Property file read - ok 
2018-06-17 13:16:44 DEBUG dbase:32 - loaded from config file: C:\javaprojects\werkuren\src\main\resources\dbase.properties
2018-06-17 13:16:44 DEBUG dbase:45 - Property file read - ok 
2018-06-17 13:16:44 DEBUG dbase:32 - loaded from config file: C:\javaprojects\werkuren\src\main\resources\dbase.properties
2018-06-17 13:16:44 DEBUG dbase:45 - Property file read - ok 
2018-06-17 13:17:32 DEBUG dbase:32 - loaded from config file: C:\javaprojects\werkuren\src\main\resources\dbase.properties
2018-06-17 13:17:32 DEBUG dbase:45 - Property file read - ok 
2018-06-17 13:17:33 DEBUG dbase:32 - loaded from config file: C:\javaprojects\werkuren\src\main\resources\dbase.properties
2018-06-17 13:17:33 DEBUG dbase:45 - Property file read - ok 
2018-06-17 13:17:33 DEBUG dbase:32 - loaded from config file: C:\javaprojects\werkuren\src\main\resources\dbase.properties
2018-06-17 13:17:33 DEBUG dbase:45 - Property file read - ok 
2018-06-17 13:17:46 DEBUG dbase:32 - loaded from config file: C:\javaprojects\werkuren\src\main\resources\dbase.properties
2018-06-17 13:17:46 DEBUG dbase:45 - Property file read - ok 
2018-06-17 13:17:46 DEBUG dbase:32 - loaded from config file: C:\javaprojects\werkuren\src\main\resources\dbase.properties
2018-06-17 13:17:46 DEBUG dbase:45 - Property file read - ok 
2018-06-17 13:17:46 DEBUG dbase:32 - loaded from config file: C:\javaprojects\werkuren\src\main\resources\dbase.properties
2018-06-17 13:17:46 DEBUG dbase:45 - Property file read - ok 
2018-06-17 18:48:02 DEBUG dbase:32 - loaded from config file: C:\javaprojects\werkuren\src\main\resources\dbase.properties
2018-06-17 18:48:02 DEBUG dbase:45 - Property file read - ok 
2018-06-17 18:48:03 DEBUG dbase:32 - loaded from config file: C:\javaprojects\werkuren\src\main\resources\dbase.properties
2018-06-17 18:48:03 DEBUG dbase:45 - Property file read - ok 
2018-06-17 18:48:03 DEBUG dbase:32 - loaded from config file: C:\javaprojects\werkuren\src\main\resources\dbase.properties
2018-06-17 18:48:03 DEBUG dbase:45 - Property file read - ok 
2018-06-17 19:30:28 DEBUG dbase:32 - loaded from config file: C:\javaprojects\werkuren\src\main\resources\dbase.properties
2018-06-17 19:30:28 DEBUG dbase:45 - Property file read - ok 
2018-06-17 19:30:29 DEBUG dbase:32 - loaded from config file: C:\javaprojects\werkuren\src\main\resources\dbase.properties
2018-06-17 19:30:29 DEBUG dbase:45 - Property file read - ok 
2018-06-17 19:30:29 DEBUG dbase:32 - loaded from config file: C:\javaprojects\werkuren\src\main\resources\dbase.properties
2018-06-17 19:30:29 DEBUG dbase:45 - Property file read - ok 
2018-06-17 19:31:14 DEBUG dbase:32 - loaded from config file: C:\javaprojects\werkuren\src\main\resources\dbase.properties
2018-06-17 19:31:14 DEBUG dbase:45 - Property file read - ok 
2018-06-17 19:31:14 DEBUG dbase:32 - loaded from config file: C:\javaprojects\werkuren\src\main\resources\dbase.properties
2018-06-17 19:31:14 DEBUG dbase:45 - Property file read - ok 
2018-06-17 19:31:14 DEBUG dbase:32 - loaded from config file: C:\javaprojects\werkuren\src\main\resources\dbase.properties
2018-06-17 19:31:14 DEBUG dbase:45 - Property file read - ok 
2018-06-17 19:34:52 DEBUG dbase:32 - loaded from config file: C:\javaprojects\werkuren\src\main\resources\dbase.properties
2018-06-17 19:34:52 DEBUG dbase:45 - Property file read - ok 
2018-06-17 19:34:53 DEBUG dbase:32 - loaded from config file: C:\javaprojects\werkuren\src\main\resources\dbase.properties
2018-06-17 19:34:53 DEBUG dbase:45 - Property file read - ok 
2018-06-17 19:34:53 DEBUG dbase:32 - loaded from config file: C:\javaprojects\werkuren\src\main\resources\dbase.properties
2018-06-17 19:34:53 DEBUG dbase:45 - Property file read - ok 
2018-06-17 19:40:04 DEBUG dbase:32 - loaded from config file: C:\javaprojects\werkuren\src\main\resources\dbase.properties
2018-06-17 19:40:04 DEBUG dbase:45 - Property file read - ok 
2018-06-17 19:40:05 DEBUG dbase:32 - loaded from config file: C:\javaprojects\werkuren\src\main\resources\dbase.properties
2018-06-17 19:40:05 DEBUG dbase:45 - Property file read - ok 
2018-06-17 19:40:05 DEBUG dbase:32 - loaded from config file: C:\javaprojects\werkuren\src\main\resources\dbase.properties
2018-06-17 19:40:05 DEBUG dbase:45 - Property file read - ok 
2018-06-17 19:40:42 DEBUG dbase:32 - loaded from config file: C:\javaprojects\werkuren\src\main\resources\dbase.properties
2018-06-17 19:40:42 DEBUG dbase:45 - Property file read - ok 
2018-06-17 19:40:42 DEBUG dbase:32 - loaded from config file: C:\javaprojects\werkuren\src\main\resources\dbase.properties
2018-06-17 19:40:42 DEBUG dbase:45 - Property file read - ok 
2018-06-17 19:40:42 DEBUG dbase:32 - loaded from config file: C:\javaprojects\werkuren\src\main\resources\dbase.properties
2018-06-17 19:40:42 DEBUG dbase:45 - Property file read - ok 
2018-06-17 19:41:11 DEBUG dbase:32 - loaded from config file: C:\javaprojects\werkuren\src\main\resources\dbase.properties
2018-06-17 19:41:11 DEBUG dbase:45 - Property file read - ok 
2018-06-17 19:41:11 DEBUG dbase:32 - loaded from config file: C:\javaprojects\werkuren\src\main\resources\dbase.properties
2018-06-17 19:41:11 DEBUG dbase:45 - Property file read - ok 
2018-06-17 19:41:11 DEBUG dbase:32 - loaded from config file: C:\javaprojects\werkuren\src\main\resources\dbase.properties
2018-06-17 19:41:11 DEBUG dbase:45 - Property file read - ok 
2018-06-17 19:41:37 DEBUG dbase:32 - loaded from config file: C:\javaprojects\werkuren\src\main\resources\dbase.properties
2018-06-17 19:41:37 DEBUG dbase:45 - Property file read - ok 
2018-06-17 19:41:38 DEBUG dbase:32 - loaded from config file: C:\javaprojects\werkuren\src\main\resources\dbase.properties
2018-06-17 19:41:38 DEBUG dbase:45 - Property file read - ok 
2018-06-17 19:41:38 DEBUG dbase:32 - loaded from config file: C:\javaprojects\werkuren\src\main\resources\dbase.properties
2018-06-17 19:41:38 DEBUG dbase:45 - Property file read - ok 
2018-06-17 19:42:05 DEBUG dbase:32 - loaded from config file: C:\javaprojects\werkuren\src\main\resources\dbase.properties
2018-06-17 19:42:05 DEBUG dbase:45 - Property file read - ok 
2018-06-17 19:42:06 DEBUG dbase:32 - loaded from config file: C:\javaprojects\werkuren\src\main\resources\dbase.properties
2018-06-17 19:42:06 DEBUG dbase:45 - Property file read - ok 
2018-06-17 19:42:06 DEBUG dbase:32 - loaded from config file: C:\javaprojects\werkuren\src\main\resources\dbase.properties
2018-06-17 19:42:06 DEBUG dbase:45 - Property file read - ok 
2018-06-17 19:42:31 DEBUG dbase:32 - loaded from config file: C:\javaprojects\werkuren\src\main\resources\dbase.properties
2018-06-17 19:42:31 DEBUG dbase:45 - Property file read - ok 
2018-06-17 19:42:32 DEBUG dbase:32 - loaded from config file: C:\javaprojects\werkuren\src\main\resources\dbase.properties
2018-06-17 19:42:32 DEBUG dbase:45 - Property file read - ok 
2018-06-17 19:42:32 DEBUG dbase:32 - loaded from config file: C:\javaprojects\werkuren\src\main\resources\dbase.properties
2018-06-17 19:42:32 DEBUG dbase:45 - Property file read - ok 
2018-06-17 19:42:51 DEBUG dbase:32 - loaded from config file: C:\javaprojects\werkuren\src\main\resources\dbase.properties
2018-06-17 19:42:51 DEBUG dbase:45 - Property file read - ok 
2018-06-17 19:42:52 DEBUG dbase:32 - loaded from config file: C:\javaprojects\werkuren\src\main\resources\dbase.properties
2018-06-17 19:42:52 DEBUG dbase:45 - Property file read - ok 
2018-06-17 19:42:52 DEBUG dbase:32 - loaded from config file: C:\javaprojects\werkuren\src\main\resources\dbase.properties
2018-06-17 19:42:52 DEBUG dbase:45 - Property file read - ok 
2018-06-17 19:43:24 DEBUG dbase:32 - loaded from config file: C:\javaprojects\werkuren\src\main\resources\dbase.properties
2018-06-17 19:43:24 DEBUG dbase:45 - Property file read - ok 
2018-06-17 19:43:25 DEBUG dbase:32 - loaded from config file: C:\javaprojects\werkuren\src\main\resources\dbase.properties
2018-06-17 19:43:25 DEBUG dbase:45 - Property file read - ok 
2018-06-17 19:43:25 DEBUG dbase:32 - loaded from config file: C:\javaprojects\werkuren\src\main\resources\dbase.properties
2018-06-17 19:43:25 DEBUG dbase:45 - Property file read - ok 
2018-06-17 19:43:33 DEBUG dbase:32 - loaded from config file: C:\javaprojects\werkuren\src\main\resources\dbase.properties
2018-06-17 19:43:33 DEBUG dbase:45 - Property file read - ok 
2018-06-17 19:43:33 DEBUG dbase:32 - loaded from config file: C:\javaprojects\werkuren\src\main\resources\dbase.properties
2018-06-17 19:43:33 DEBUG dbase:45 - Property file read - ok 
2018-06-17 19:43:33 DEBUG dbase:32 - loaded from config file: C:\javaprojects\werkuren\src\main\resources\dbase.properties
2018-06-17 19:43:33 DEBUG dbase:45 - Property file read - ok 
2018-06-17 19:43:45 DEBUG dbase:32 - loaded from config file: C:\javaprojects\werkuren\src\main\resources\dbase.properties
2018-06-17 19:43:45 DEBUG dbase:45 - Property file read - ok 
2018-06-17 19:43:46 DEBUG dbase:32 - loaded from config file: C:\javaprojects\werkuren\src\main\resources\dbase.properties
2018-06-17 19:43:46 DEBUG dbase:45 - Property file read - ok 
2018-06-17 19:43:46 DEBUG dbase:32 - loaded from config file: C:\javaprojects\werkuren\src\main\resources\dbase.properties
2018-06-17 19:43:46 DEBUG dbase:45 - Property file read - ok 
2018-06-17 19:43:53 DEBUG dbase:32 - loaded from config file: C:\javaprojects\werkuren\src\main\resources\dbase.properties
2018-06-17 19:43:53 DEBUG dbase:45 - Property file read - ok 
2018-06-17 19:43:54 DEBUG dbase:32 - loaded from config file: C:\javaprojects\werkuren\src\main\resources\dbase.properties
2018-06-17 19:43:54 DEBUG dbase:45 - Property file read - ok 
2018-06-17 19:43:54 DEBUG dbase:32 - loaded from config file: C:\javaprojects\werkuren\src\main\resources\dbase.properties
2018-06-17 19:43:54 DEBUG dbase:45 - Property file read - ok 
2018-06-17 19:44:19 DEBUG dbase:32 - loaded from config file: C:\javaprojects\werkuren\src\main\resources\dbase.properties
2018-06-17 19:44:19 DEBUG dbase:45 - Property file read - ok 
2018-06-17 19:44:20 DEBUG dbase:32 - loaded from config file: C:\javaprojects\werkuren\src\main\resources\dbase.properties
2018-06-17 19:44:20 DEBUG dbase:45 - Property file read - ok 
2018-06-17 19:44:20 DEBUG dbase:32 - loaded from config file: C:\javaprojects\werkuren\src\main\resources\dbase.properties
2018-06-17 19:44:20 DEBUG dbase:45 - Property file read - ok 
2018-06-17 19:44:41 DEBUG dbase:32 - loaded from config file: C:\javaprojects\werkuren\src\main\resources\dbase.properties
2018-06-17 19:44:41 DEBUG dbase:45 - Property file read - ok 
2018-06-17 19:44:42 DEBUG dbase:32 - loaded from config file: C:\javaprojects\werkuren\src\main\resources\dbase.properties
2018-06-17 19:44:42 DEBUG dbase:45 - Property file read - ok 
2018-06-17 19:44:42 DEBUG dbase:32 - loaded from config file: C:\javaprojects\werkuren\src\main\resources\dbase.properties
2018-06-17 19:44:42 DEBUG dbase:45 - Property file read - ok 
2018-06-17 19:45:43 DEBUG dbase:32 - loaded from config file: C:\javaprojects\werkuren\src\main\resources\dbase.properties
2018-06-17 19:45:43 DEBUG dbase:45 - Property file read - ok 
2018-06-17 19:45:43 DEBUG dbase:32 - loaded from config file: C:\javaprojects\werkuren\src\main\resources\dbase.properties
2018-06-17 19:45:43 DEBUG dbase:45 - Property file read - ok 
2018-06-17 19:45:43 DEBUG dbase:32 - loaded from config file: C:\javaprojects\werkuren\src\main\resources\dbase.properties
2018-06-17 19:45:43 DEBUG dbase:45 - Property file read - ok 
2018-06-17 19:47:29 DEBUG dbase:32 - loaded from config file: C:\javaprojects\werkuren\src\main\resources\dbase.properties
2018-06-17 19:47:29 DEBUG dbase:45 - Property file read - ok 
2018-06-17 19:47:30 DEBUG dbase:32 - loaded from config file: C:\javaprojects\werkuren\src\main\resources\dbase.properties
2018-06-17 19:47:30 DEBUG dbase:45 - Property file read - ok 
2018-06-17 19:47:30 DEBUG dbase:32 - loaded from config file: C:\javaprojects\werkuren\src\main\resources\dbase.properties
2018-06-17 19:47:30 DEBUG dbase:45 - Property file read - ok 
2018-06-17 19:48:02 DEBUG dbase:32 - loaded from config file: C:\javaprojects\werkuren\src\main\resources\dbase.properties
2018-06-17 19:48:02 DEBUG dbase:45 - Property file read - ok 
2018-06-17 19:48:02 DEBUG dbase:32 - loaded from config file: C:\javaprojects\werkuren\src\main\resources\dbase.properties
2018-06-17 19:48:02 DEBUG dbase:45 - Property file read - ok 
2018-06-17 19:48:02 DEBUG dbase:32 - loaded from config file: C:\javaprojects\werkuren\src\main\resources\dbase.properties
2018-06-17 19:48:02 DEBUG dbase:45 - Property file read - ok 
2018-06-17 19:52:51 DEBUG dbase:32 - loaded from config file: C:\javaprojects\werkuren\src\main\resources\dbase.properties
2018-06-17 19:52:51 DEBUG dbase:45 - Property file read - ok 
2018-06-17 19:52:52 DEBUG dbase:32 - loaded from config file: C:\javaprojects\werkuren\src\main\resources\dbase.properties
2018-06-17 19:52:52 DEBUG dbase:45 - Property file read - ok 
2018-06-17 19:52:52 DEBUG dbase:32 - loaded from config file: C:\javaprojects\werkuren\src\main\resources\dbase.properties
2018-06-17 19:52:52 DEBUG dbase:45 - Property file read - ok 
2018-06-17 19:57:57 DEBUG dbase:32 - loaded from config file: C:\javaprojects\werkuren\src\main\resources\dbase.properties
2018-06-17 19:57:57 DEBUG dbase:45 - Property file read - ok 
2018-06-17 19:57:58 DEBUG dbase:32 - loaded from config file: C:\javaprojects\werkuren\src\main\resources\dbase.properties
2018-06-17 19:57:58 DEBUG dbase:45 - Property file read - ok 
2018-06-17 19:57:58 DEBUG dbase:32 - loaded from config file: C:\javaprojects\werkuren\src\main\resources\dbase.properties
2018-06-17 19:57:58 DEBUG dbase:45 - Property file read - ok 
2018-06-17 19:59:37 DEBUG dbase:32 - loaded from config file: C:\javaprojects\werkuren\src\main\resources\dbase.properties
2018-06-17 19:59:37 DEBUG dbase:45 - Property file read - ok 
2018-06-17 19:59:38 DEBUG dbase:32 - loaded from config file: C:\javaprojects\werkuren\src\main\resources\dbase.properties
2018-06-17 19:59:38 DEBUG dbase:45 - Property file read - ok 
2018-06-17 19:59:38 DEBUG dbase:32 - loaded from config file: C:\javaprojects\werkuren\src\main\resources\dbase.properties
2018-06-17 19:59:38 DEBUG dbase:45 - Property file read - ok 
2018-06-17 20:00:50 DEBUG dbase:32 - loaded from config file: C:\javaprojects\werkuren\src\main\resources\dbase.properties
2018-06-17 20:00:50 DEBUG dbase:45 - Property file read - ok 
2018-06-17 20:00:51 DEBUG dbase:32 - loaded from config file: C:\javaprojects\werkuren\src\main\resources\dbase.properties
2018-06-17 20:00:51 DEBUG dbase:45 - Property file read - ok 
2018-06-17 20:00:51 DEBUG dbase:32 - loaded from config file: C:\javaprojects\werkuren\src\main\resources\dbase.properties
2018-06-17 20:00:51 DEBUG dbase:45 - Property file read - ok 
2018-06-17 20:07:34 DEBUG dbase:32 - loaded from config file: C:\javaprojects\werkuren\src\main\resources\dbase.properties
2018-06-17 20:07:34 DEBUG dbase:45 - Property file read - ok 
2018-06-17 20:07:35 DEBUG dbase:32 - loaded from config file: C:\javaprojects\werkuren\src\main\resources\dbase.properties
2018-06-17 20:07:35 DEBUG dbase:45 - Property file read - ok 
2018-06-17 20:07:35 DEBUG dbase:32 - loaded from config file: C:\javaprojects\werkuren\src\main\resources\dbase.properties
2018-06-17 20:07:35 DEBUG dbase:45 - Property file read - ok 
2018-06-17 20:15:02 DEBUG dbase:32 - loaded from config file: C:\javaprojects\werkuren\src\main\resources\dbase.properties
2018-06-17 20:15:02 DEBUG dbase:45 - Property file read - ok 
2018-06-17 20:15:03 DEBUG dbase:32 - loaded from config file: C:\javaprojects\werkuren\src\main\resources\dbase.properties
2018-06-17 20:15:03 DEBUG dbase:45 - Property file read - ok 
2018-06-17 20:15:03 DEBUG dbase:32 - loaded from config file: C:\javaprojects\werkuren\src\main\resources\dbase.properties
2018-06-17 20:15:03 DEBUG dbase:45 - Property file read - ok 
2018-06-17 20:15:52 DEBUG dbase:32 - loaded from config file: C:\javaprojects\werkuren\src\main\resources\dbase.properties
2018-06-17 20:15:52 DEBUG dbase:45 - Property file read - ok 
2018-06-17 20:15:53 DEBUG dbase:32 - loaded from config file: C:\javaprojects\werkuren\src\main\resources\dbase.properties
2018-06-17 20:15:53 DEBUG dbase:45 - Property file read - ok 
2018-06-17 20:15:53 DEBUG dbase:32 - loaded from config file: C:\javaprojects\werkuren\src\main\resources\dbase.properties
2018-06-17 20:15:53 DEBUG dbase:45 - Property file read - ok 
2018-06-17 20:17:43 DEBUG dbase:32 - loaded from config file: C:\javaprojects\werkuren\src\main\resources\dbase.properties
2018-06-17 20:17:43 DEBUG dbase:45 - Property file read - ok 
2018-06-17 20:17:44 DEBUG dbase:32 - loaded from config file: C:\javaprojects\werkuren\src\main\resources\dbase.properties
2018-06-17 20:17:44 DEBUG dbase:45 - Property file read - ok 
2018-06-17 20:17:44 DEBUG dbase:32 - loaded from config file: C:\javaprojects\werkuren\src\main\resources\dbase.properties
2018-06-17 20:17:44 DEBUG dbase:45 - Property file read - ok 
2018-06-17 20:19:14 DEBUG dbase:32 - loaded from config file: C:\javaprojects\werkuren\src\main\resources\dbase.properties
2018-06-17 20:19:14 DEBUG dbase:45 - Property file read - ok 
2018-06-17 20:19:14 DEBUG dbase:32 - loaded from config file: C:\javaprojects\werkuren\src\main\resources\dbase.properties
2018-06-17 20:19:14 DEBUG dbase:45 - Property file read - ok 
2018-06-17 20:19:14 DEBUG dbase:32 - loaded from config file: C:\javaprojects\werkuren\src\main\resources\dbase.properties
2018-06-17 20:19:14 DEBUG dbase:45 - Property file read - ok 
2018-06-17 20:23:23 DEBUG dbase:32 - loaded from config file: C:\javaprojects\werkuren\src\main\resources\dbase.properties
2018-06-17 20:23:23 DEBUG dbase:45 - Property file read - ok 
2018-06-17 20:23:24 DEBUG dbase:32 - loaded from config file: C:\javaprojects\werkuren\src\main\resources\dbase.properties
2018-06-17 20:23:24 DEBUG dbase:45 - Property file read - ok 
2018-06-17 20:23:24 DEBUG dbase:32 - loaded from config file: C:\javaprojects\werkuren\src\main\resources\dbase.properties
2018-06-17 20:23:24 DEBUG dbase:45 - Property file read - ok 
2018-06-17 20:24:48 DEBUG dbase:32 - loaded from config file: C:\javaprojects\werkuren\src\main\resources\dbase.properties
2018-06-17 20:24:48 DEBUG dbase:45 - Property file read - ok 
2018-06-17 20:24:49 DEBUG dbase:32 - loaded from config file: C:\javaprojects\werkuren\src\main\resources\dbase.properties
2018-06-17 20:24:49 DEBUG dbase:45 - Property file read - ok 
2018-06-17 20:24:49 DEBUG dbase:32 - loaded from config file: C:\javaprojects\werkuren\src\main\resources\dbase.properties
2018-06-17 20:24:49 DEBUG dbase:45 - Property file read - ok 
2018-06-17 20:32:19 DEBUG dbase:32 - loaded from config file: C:\javaprojects\werkuren\src\main\resources\dbase.properties
2018-06-17 20:32:19 DEBUG dbase:45 - Property file read - ok 
2018-06-17 20:32:20 DEBUG dbase:32 - loaded from config file: C:\javaprojects\werkuren\src\main\resources\dbase.properties
2018-06-17 20:32:20 DEBUG dbase:45 - Property file read - ok 
2018-06-17 20:32:20 DEBUG dbase:32 - loaded from config file: C:\javaprojects\werkuren\src\main\resources\dbase.properties
2018-06-17 20:32:20 DEBUG dbase:45 - Property file read - ok 
