2018-06-10 21:13:05 DEBUG Maand:18 - Attempt to create month with negative details
2018-06-10 21:14:51 DEBUG Maand:18 - Attempt to create month with negative details
2018-06-10 21:16:10 DEBUG frontEnd:18 - Attempt to create month with negative details
2018-06-13 23:19:38 DEBUG werkUren:18 - Attempt to create month with negative details
2018-06-13 23:20:14 DEBUG werkUren:18 - Attempt to create month with negative details
2018-06-14 01:02:26 DEBUG werkUren:19 - Attempt to create month with negative details
2018-06-14 01:02:50 DEBUG werkUren:19 - Attempt to create month with negative details
2018-06-19 21:04:22 DEBUG werkUren:144 - Property file read - ok 
2018-06-19 21:04:48 DEBUG werkUren:144 - Property file read - ok 
2018-06-19 21:04:48 DEBUG werkUren:144 - Property file read - ok 
2018-06-19 21:06:56 DEBUG werkUren:144 - Property file read - ok 
2018-06-19 21:06:56 DEBUG werkUren:144 - Property file read - ok 
2018-06-19 21:07:21 DEBUG werkUren:144 - Property file read - ok 
2018-06-19 21:07:21 DEBUG werkUren:144 - Property file read - ok 
2018-06-21 21:12:07 DEBUG werkUren:144 - Property file read - ok 
2018-06-21 21:12:48 DEBUG werkUren:144 - Property file read - ok 
2018-06-21 21:12:48 DEBUG werkUren:144 - Property file read - ok 
2018-06-21 21:36:52 DEBUG werkUren:31 - Wrong input on Convert String to Number 
2018-06-21 21:37:55 DEBUG werkUren:31 - Wrong input on Convert String to Number 
2018-06-21 21:38:18 DEBUG werkUren:32 - Wrong input on Convert String to Number 
2018-06-21 21:38:30 DEBUG werkUren:32 - Wrong input on Convert String to Number 
2018-06-21 21:58:18 DEBUG werkUren:144 - Property file read - ok 
2018-06-21 21:58:18 DEBUG werkUren:144 - Property file read - ok 
2018-06-21 21:58:29 DEBUG werkUren:144 - Property file read - ok 
2018-06-21 21:58:29 DEBUG werkUren:144 - Property file read - ok 
2018-06-21 22:05:38 DEBUG werkUren:144 - Property file read - ok 
2018-06-21 22:05:38 DEBUG werkUren:144 - Property file read - ok 
2018-06-21 22:06:00 DEBUG werkUren:144 - Property file read - ok 
2018-06-21 22:06:00 DEBUG werkUren:144 - Property file read - ok 
2018-06-21 22:06:00 DEBUG werkUren:144 - Property file read - ok 
2018-06-21 22:06:00 DEBUG werkUren:144 - Property file read - ok 
2018-06-21 22:09:52 DEBUG werkUren:144 - Property file read - ok 
2018-06-21 22:09:52 DEBUG werkUren:144 - Property file read - ok 
2018-06-21 22:10:40 DEBUG werkUren:144 - Property file read - ok 
2018-06-21 22:10:40 DEBUG werkUren:144 - Property file read - ok 
2018-06-21 22:11:26 DEBUG werkUren:144 - Property file read - ok 
2018-06-21 22:11:26 DEBUG werkUren:144 - Property file read - ok 
2018-06-21 22:11:41 DEBUG werkUren:144 - Property file read - ok 
2018-06-21 22:11:41 DEBUG werkUren:144 - Property file read - ok 
2018-06-21 22:11:58 DEBUG werkUren:144 - Property file read - ok 
2018-06-21 22:11:58 DEBUG werkUren:144 - Property file read - ok 
2018-06-21 22:12:27 DEBUG werkUren:144 - Property file read - ok 
2018-06-21 22:12:27 DEBUG werkUren:144 - Property file read - ok 
2018-06-21 22:12:46 DEBUG werkUren:144 - Property file read - ok 
2018-06-21 22:12:46 DEBUG werkUren:144 - Property file read - ok 
2018-06-21 22:23:55 DEBUG werkUren:144 - Property file read - ok 
2018-06-21 22:23:55 DEBUG werkUren:144 - Property file read - ok 
2018-06-21 22:31:42 DEBUG werkUren:144 - Property file read - ok 
2018-06-21 22:31:42 DEBUG werkUren:144 - Property file read - ok 
2018-06-21 22:32:49 DEBUG werkUren:144 - Property file read - ok 
2018-06-21 22:32:49 DEBUG werkUren:144 - Property file read - ok 
2018-06-21 22:33:19 DEBUG werkUren:144 - Property file read - ok 
2018-06-21 22:33:19 DEBUG werkUren:144 - Property file read - ok 
2018-06-21 22:34:28 DEBUG werkUren:144 - Property file read - ok 
2018-06-21 22:34:28 DEBUG werkUren:144 - Property file read - ok 
2018-06-21 22:34:48 DEBUG werkUren:144 - Property file read - ok 
2018-06-21 22:34:48 DEBUG werkUren:144 - Property file read - ok 
2018-06-21 22:35:15 DEBUG werkUren:144 - Property file read - ok 
2018-06-21 22:35:15 DEBUG werkUren:144 - Property file read - ok 
2018-06-21 22:36:55 DEBUG werkUren:144 - Property file read - ok 
2018-06-21 22:36:55 DEBUG werkUren:144 - Property file read - ok 
2018-06-21 22:37:21 DEBUG werkUren:144 - Property file read - ok 
2018-06-21 22:37:21 DEBUG werkUren:144 - Property file read - ok 
2018-06-21 22:37:48 DEBUG werkUren:144 - Property file read - ok 
2018-06-21 22:37:48 DEBUG werkUren:144 - Property file read - ok 
2018-06-21 22:38:01 DEBUG werkUren:144 - Property file read - ok 
2018-06-21 22:38:01 DEBUG werkUren:144 - Property file read - ok 
2018-06-21 22:38:29 DEBUG werkUren:144 - Property file read - ok 
2018-06-21 22:38:29 DEBUG werkUren:144 - Property file read - ok 
2018-06-21 22:38:40 DEBUG werkUren:144 - Property file read - ok 
2018-06-21 22:38:40 DEBUG werkUren:144 - Property file read - ok 
2018-06-21 22:40:35 DEBUG werkUren:144 - Property file read - ok 
2018-06-21 22:40:35 DEBUG werkUren:144 - Property file read - ok 
2018-06-21 22:40:48 DEBUG werkUren:144 - Property file read - ok 
2018-06-21 22:40:48 DEBUG werkUren:144 - Property file read - ok 
2018-06-21 22:41:03 DEBUG werkUren:144 - Property file read - ok 
2018-06-21 22:41:03 DEBUG werkUren:144 - Property file read - ok 
2018-06-21 22:41:21 DEBUG werkUren:144 - Property file read - ok 
2018-06-21 22:41:21 DEBUG werkUren:144 - Property file read - ok 
2018-06-21 22:41:35 DEBUG werkUren:144 - Property file read - ok 
2018-06-21 22:41:35 DEBUG werkUren:144 - Property file read - ok 
2018-06-21 22:43:28 DEBUG werkUren:144 - Property file read - ok 
2018-06-21 22:43:28 DEBUG werkUren:144 - Property file read - ok 
2018-06-21 22:43:51 DEBUG werkUren:144 - Property file read - ok 
2018-06-21 22:43:51 DEBUG werkUren:144 - Property file read - ok 
2018-06-21 22:43:58 DEBUG werkUren:144 - Property file read - ok 
2018-06-21 22:43:58 DEBUG werkUren:144 - Property file read - ok 
2018-06-21 22:44:19 DEBUG werkUren:144 - Property file read - ok 
2018-06-21 22:44:19 DEBUG werkUren:144 - Property file read - ok 
2018-06-21 22:45:59 DEBUG werkUren:144 - Property file read - ok 
2018-06-21 22:45:59 DEBUG werkUren:144 - Property file read - ok 
2018-06-21 22:46:42 DEBUG werkUren:144 - Property file read - ok 
2018-06-21 22:46:42 DEBUG werkUren:144 - Property file read - ok 
2018-06-21 22:47:37 DEBUG werkUren:144 - Property file read - ok 
2018-06-21 22:47:37 DEBUG werkUren:144 - Property file read - ok 
2018-06-21 22:48:11 DEBUG werkUren:144 - Property file read - ok 
2018-06-21 22:48:11 DEBUG werkUren:144 - Property file read - ok 
2018-06-21 22:48:26 DEBUG werkUren:144 - Property file read - ok 
2018-06-21 22:48:26 DEBUG werkUren:144 - Property file read - ok 
2018-06-21 22:50:13 DEBUG werkUren:144 - Property file read - ok 
2018-06-21 22:50:13 DEBUG werkUren:144 - Property file read - ok 
2018-06-21 22:50:56 DEBUG werkUren:144 - Property file read - ok 
2018-06-21 22:50:56 DEBUG werkUren:144 - Property file read - ok 
2018-06-21 22:51:06 DEBUG werkUren:144 - Property file read - ok 
2018-06-21 22:51:06 DEBUG werkUren:144 - Property file read - ok 
2018-06-21 22:51:31 DEBUG werkUren:144 - Property file read - ok 
2018-06-21 22:51:31 DEBUG werkUren:144 - Property file read - ok 
2018-06-21 22:52:45 DEBUG werkUren:144 - Property file read - ok 
2018-06-21 22:52:45 DEBUG werkUren:144 - Property file read - ok 
2018-06-21 22:52:53 DEBUG werkUren:144 - Property file read - ok 
2018-06-21 22:52:53 DEBUG werkUren:144 - Property file read - ok 
